2017-10-05 08:26:52,796 [Worker-12] INFO  o.e.m.c.i.l.LifecycleMappingFactory - Using org.maven.ide.eclipse.wtp.EjbLifecycleMapping lifecycle mapping for MavenProject: cpe.fr:asi2-ejb:1.0-SNAPSHOT @ /home/ubuntu/Documents/projet_info/JEE/asi2/asi2-ejb/pom.xml.
2017-10-05 08:26:53,146 [Worker-12] INFO  o.e.m.c.i.l.LifecycleMappingFactory - Using org.maven.ide.eclipse.wtp.WarLifecycleMapping lifecycle mapping for MavenProject: cpe.fr:asi2-web:1.0-SNAPSHOT @ /home/ubuntu/Documents/projet_info/JEE/asi2/asi2-web/pom.xml.
2017-10-05 08:26:53,310 [Worker-12] INFO  o.e.m.c.i.l.LifecycleMappingFactory - Using org.maven.ide.eclipse.wtp.EarLifecycleMapping lifecycle mapping for MavenProject: cpe.fr:asi2-ear:1.0-SNAPSHOT @ /home/ubuntu/Documents/projet_info/JEE/asi2/asi2-ear/pom.xml.
2017-10-05 08:26:55,408 [Worker-12] INFO  o.e.m.j.i.AbstractJavaProjectConfigurator - Adding source folder /asi2-ejb/src/main/java
2017-10-05 08:26:55,408 [Worker-12] INFO  o.e.m.j.i.AbstractJavaProjectConfigurator - Adding resource folder /asi2-ejb/src/main/resources
2017-10-05 08:26:55,414 [Worker-12] INFO  o.e.m.j.i.AbstractJavaProjectConfigurator - Adding source folder /asi2-ejb/src/test/java
2017-10-05 08:26:55,415 [Worker-12] INFO  o.e.m.j.i.AbstractJavaProjectConfigurator - Adding resource folder /asi2-ejb/src/test/resources
2017-10-05 08:26:58,182 [Worker-12] INFO  o.e.m.j.i.AbstractJavaProjectConfigurator - Adding source folder /asi2-web/src/main/java
2017-10-05 08:26:58,183 [Worker-12] INFO  o.e.m.j.i.AbstractJavaProjectConfigurator - Adding source folder /asi2-web/src/test/java
2017-10-05 08:27:00,519 [Worker-12] INFO  o.e.m.c.i.embedder.EclipseLogger - Generating application.xml
2017-10-05 08:27:00,604 [Worker-12] INFO  o.e.m.c.i.p.ProjectConfigurationManager - Imported and configured 3 project(s) in 9 sec
2017-10-05 08:27:04,333 [Worker-3] INFO  o.e.m.c.i.embedder.EclipseLogger - Using 'UTF-8' encoding to copy filtered resources.
2017-10-05 08:27:04,348 [Worker-3] INFO  o.e.m.c.i.embedder.EclipseLogger - skip non existing resourceDirectory /home/ubuntu/Documents/projet_info/JEE/asi2/asi2-ear/src/main/resources
2017-10-05 08:27:05,651 [Worker-3] INFO  o.e.m.c.i.embedder.EclipseLogger - Using 'UTF-8' encoding to copy filtered resources.
2017-10-05 08:27:05,669 [Worker-3] INFO  o.e.m.c.i.embedder.EclipseLogger - Copying 3 resources
2017-10-05 08:27:05,716 [Worker-3] INFO  o.e.m.c.i.embedder.EclipseLogger - Using 'UTF-8' encoding to copy filtered resources.
2017-10-05 08:27:05,716 [Worker-3] INFO  o.e.m.c.i.embedder.EclipseLogger - Copying 3 resources
2017-10-05 08:27:06,277 [Worker-16] INFO  o.e.m.c.i.embedder.EclipseLogger - Using 'UTF-8' encoding to copy filtered resources.
2017-10-05 08:27:06,277 [Worker-16] INFO  o.e.m.c.i.embedder.EclipseLogger - skip non existing resourceDirectory /home/ubuntu/Documents/projet_info/JEE/asi2/asi2-web/src/main/resources
2017-10-05 08:27:06,280 [Worker-16] INFO  o.e.m.c.i.embedder.EclipseLogger - Using 'UTF-8' encoding to copy filtered resources.
2017-10-05 08:27:06,280 [Worker-16] INFO  o.e.m.c.i.embedder.EclipseLogger - skip non existing resourceDirectory /home/ubuntu/Documents/projet_info/JEE/asi2/asi2-web/src/test/resources
2017-10-05 08:28:15,711 [Worker-15] INFO  o.e.m.c.i.p.ProjectConfigurationManager - Update started
2017-10-05 08:28:15,870 [Worker-15] INFO  o.e.m.c.i.l.LifecycleMappingFactory - Using org.maven.ide.eclipse.wtp.EarLifecycleMapping lifecycle mapping for MavenProject: fr.cpe:asi2_blank-ear:1.0-SNAPSHOT @ /home/ubuntu/Documents/projet_info/JEE/asi2_blank/asi2_blank/asi2_blank-ear/pom.xml.
2017-10-05 08:28:15,891 [Worker-15] WARN  o.e.m.c.i.embedder.EclipseLogger - The POM for fr.cpe:asi2_blank-web:war:1.0-SNAPSHOT is missing, no dependency information available
2017-10-05 08:28:15,930 [Worker-15] WARN  o.e.m.c.i.embedder.EclipseLogger - The POM for fr.cpe:asi2_blank-ejb:jar:1.0-SNAPSHOT is missing, no dependency information available
2017-10-05 08:28:16,216 [Worker-15] WARN  o.e.m.c.i.embedder.EclipseLogger - The POM for fr.cpe:asi2_blank-web:war:1.0-SNAPSHOT is missing, no dependency information available
2017-10-05 08:28:16,221 [Worker-15] WARN  o.e.m.c.i.embedder.EclipseLogger - The POM for fr.cpe:asi2_blank-ejb:jar:1.0-SNAPSHOT is missing, no dependency information available
2017-10-05 08:28:16,419 [Worker-15] INFO  o.e.m.c.i.p.ProjectConfigurationManager - Update completed: 0 sec
2017-10-05 08:28:16,420 [Worker-15] INFO  o.e.m.c.i.p.ProjectConfigurationManager - Update started
2017-10-05 08:28:17,062 [Worker-15] INFO  o.e.m.c.i.l.LifecycleMappingFactory - Using org.maven.ide.eclipse.wtp.WarLifecycleMapping lifecycle mapping for MavenProject: fr.cpe:asi2_blank-web:1.0-SNAPSHOT @ /home/ubuntu/Documents/projet_info/JEE/asi2_blank/asi2_blank/asi2_blank-web/pom.xml.
2017-10-05 08:28:17,183 [Worker-15] INFO  o.e.m.c.i.l.LifecycleMappingFactory - Using NULL lifecycle mapping for MavenProject: fr.cpe:asi2_blank:1.0-SNAPSHOT @ /home/ubuntu/Documents/projet_info/JEE/asi2_blank/asi2_blank/pom.xml.
2017-10-05 08:28:17,223 [Worker-15] INFO  o.e.m.c.i.l.LifecycleMappingFactory - Using org.maven.ide.eclipse.wtp.EjbLifecycleMapping lifecycle mapping for MavenProject: fr.cpe:asi2_blank-ejb:1.0-SNAPSHOT @ /home/ubuntu/Documents/projet_info/JEE/asi2_blank/asi2_blank/asi2_blank-ejb/pom.xml.
2017-10-05 08:28:17,384 [Worker-15] INFO  o.e.m.c.i.l.LifecycleMappingFactory - Using org.maven.ide.eclipse.wtp.EarLifecycleMapping lifecycle mapping for MavenProject: fr.cpe:asi2_blank-ear:1.0-SNAPSHOT @ /home/ubuntu/Documents/projet_info/JEE/asi2_blank/asi2_blank/asi2_blank-ear/pom.xml.
2017-10-05 08:28:17,506 [Worker-15] INFO  o.e.m.c.i.embedder.EclipseLogger - Generating application.xml
2017-10-05 08:28:17,799 [Worker-15] INFO  o.e.m.j.i.AbstractJavaProjectConfigurator - Adding source folder /asi2_blank-web/src/main/java
2017-10-05 08:28:17,800 [Worker-15] INFO  o.e.m.j.i.AbstractJavaProjectConfigurator - Adding source folder /asi2_blank-web/src/test/java
2017-10-05 08:28:18,690 [Worker-15] INFO  o.e.m.j.i.AbstractJavaProjectConfigurator - Adding source folder /asi2_blank-ejb/src/main/java
2017-10-05 08:28:18,690 [Worker-15] INFO  o.e.m.j.i.AbstractJavaProjectConfigurator - Adding resource folder /asi2_blank-ejb/src/main/resources
2017-10-05 08:28:18,692 [Worker-15] INFO  o.e.m.j.i.AbstractJavaProjectConfigurator - Adding source folder /asi2_blank-ejb/src/test/java
2017-10-05 08:28:18,692 [Worker-15] INFO  o.e.m.j.i.AbstractJavaProjectConfigurator - Adding resource folder /asi2_blank-ejb/src/test/resources
2017-10-05 08:28:19,877 [Worker-15] INFO  o.e.m.c.i.embedder.EclipseLogger - Generating application.xml
2017-10-05 08:28:19,887 [Worker-15] INFO  o.e.m.c.i.p.ProjectConfigurationManager - Update completed: 3 sec
2017-10-05 08:28:20,275 [Worker-9] INFO  o.e.m.c.i.embedder.EclipseLogger - Using 'UTF-8' encoding to copy filtered resources.
2017-10-05 08:28:20,276 [Worker-9] INFO  o.e.m.c.i.embedder.EclipseLogger - skip non existing resourceDirectory /home/ubuntu/Documents/projet_info/JEE/asi2_blank/asi2_blank/asi2_blank-ear/src/main/resources
2017-10-05 08:28:20,518 [Worker-9] INFO  o.e.m.c.i.embedder.EclipseLogger - Using 'UTF-8' encoding to copy filtered resources.
2017-10-05 08:28:20,519 [Worker-9] INFO  o.e.m.c.i.embedder.EclipseLogger - Copying 2 resources
2017-10-05 08:28:20,519 [Worker-9] INFO  o.e.m.c.i.embedder.EclipseLogger - Using 'UTF-8' encoding to copy filtered resources.
2017-10-05 08:28:20,520 [Worker-9] INFO  o.e.m.c.i.embedder.EclipseLogger - Copying 3 resources
2017-10-05 08:28:21,005 [Worker-11] INFO  o.e.m.c.i.embedder.EclipseLogger - Using 'UTF-8' encoding to copy filtered resources.
2017-10-05 08:28:21,006 [Worker-11] INFO  o.e.m.c.i.embedder.EclipseLogger - skip non existing resourceDirectory /home/ubuntu/Documents/projet_info/JEE/asi2_blank/asi2_blank/asi2_blank-web/src/main/resources
2017-10-05 08:28:21,006 [Worker-11] INFO  o.e.m.c.i.embedder.EclipseLogger - Using 'UTF-8' encoding to copy filtered resources.
2017-10-05 08:28:21,006 [Worker-11] INFO  o.e.m.c.i.embedder.EclipseLogger - skip non existing resourceDirectory /home/ubuntu/Documents/projet_info/JEE/asi2_blank/asi2_blank/asi2_blank-web/src/test/resources
2017-10-05 08:29:18,805 [Worker-14] INFO  o.e.m.c.i.l.LifecycleMappingFactory - Using org.maven.ide.eclipse.wtp.EarLifecycleMapping lifecycle mapping for MavenProject: fr.cpe:asi2_blank-ear:1.0-SNAPSHOT @ /home/ubuntu/Documents/projet_info/JEE/asi2_blank/asi2_blank/asi2_blank-ear/pom.xml.
2017-10-05 08:29:18,895 [Worker-14] INFO  o.e.m.c.i.l.LifecycleMappingFactory - Using org.maven.ide.eclipse.wtp.EjbLifecycleMapping lifecycle mapping for MavenProject: fr.cpe:asi2_blank-ejb:1.0-SNAPSHOT @ /home/ubuntu/Documents/projet_info/JEE/asi2_blank/asi2_blank/asi2_blank-ejb/pom.xml.
2017-10-05 08:29:19,253 [Worker-14] INFO  o.e.m.c.i.embedder.EclipseLogger - Generating application.xml
2017-10-05 08:29:23,585 [Worker-18] INFO  o.e.m.c.i.embedder.EclipseLogger - Using 'UTF-8' encoding to copy filtered resources.
2017-10-05 08:29:23,615 [Worker-18] INFO  o.e.m.c.i.embedder.EclipseLogger - Copying 2 resources
2017-10-05 08:29:23,616 [Worker-18] INFO  o.e.m.c.i.embedder.EclipseLogger - Using 'UTF-8' encoding to copy filtered resources.
2017-10-05 08:29:23,616 [Worker-18] INFO  o.e.m.c.i.embedder.EclipseLogger - Copying 0 resource
